index.htm
individus\individus.htm
individus\listeindividus0.htm
individus\listeindividus1.htm
individus\listeindividus2.htm
individus\listeindividus3.htm
individus\listeindividus4.htm
individus\listeindividus5.htm
individus\listeindividus6.htm
individus\listeindividus7.htm
individus\listeindividus8.htm
individus\listeindividus9.htm
individus\listeindividus10.htm
individus\listeindividus11.htm
individus\listeindividus12.htm
fiches\fiche0.htm
fiches\fiche1.htm
fiches\fiche2.htm
fiches\fiche3.htm
images\pMedia3742.jpg
images\gMedia3742.jpg
fiches\fiche4.htm
fiches\fiche5.htm
fiches\fiche6.htm
fiches\fiche7.htm
fiches\fiche8.htm
images\pMedia3999.jpg
images\gMedia3999.jpg
images\pMedia4014.jpg
images\gMedia4014.jpg
fiches\fiche9.htm
fiches\fiche10.htm
fiches\fiche11.htm
fiches\fiche12.htm
fiches\fiche13.htm
fiches\fiche14.htm
fiches\fiche15.htm
fiches\fiche16.htm
fiches\fiche17.htm
fiches\fiche18.htm
fiches\fiche19.htm
fiches\fiche20.htm
fiches\fiche21.htm
fiches\fiche22.htm
fiches\fiche23.htm
fiches\fiche24.htm
fiches\fiche25.htm
fiches\fiche26.htm
fiches\fiche27.htm
fiches\fiche28.htm
images\pMedia3959.jpg
images\gMedia3959.jpg
images\pMedia3955.jpg
images\gMedia3955.jpg
images\pMedia3957.jpg
images\gMedia3957.jpg
fiches\fiche29.htm
fiches\fiche30.htm
fiches\fiche31.htm
fiches\fiche32.htm
fiches\fiche33.htm
fiches\fiche34.htm
fiches\fiche35.htm
images\pMedia3961.jpg
images\gMedia3961.jpg
images\pMedia4002.jpg
images\gMedia4002.jpg
fiches\fiche36.htm
fiches\fiche37.htm
fiches\fiche38.htm
fiches\fiche39.htm
fiches\fiche40.htm
fiches\fiche41.htm
fiches\fiche42.htm
fiches\fiche43.htm
fiches\fiche44.htm
fiches\fiche45.htm
fiches\fiche46.htm
fiches\fiche47.htm
fiches\fiche48.htm
fiches\fiche49.htm
fiches\fiche50.htm
fiches\fiche51.htm
fiches\fiche52.htm
fiches\fiche53.htm
images\pMedia3677.jpg
images\gMedia3677.jpg
fiches\fiche54.htm
fiches\fiche55.htm
fiches\fiche56.htm
fiches\fiche57.htm
fiches\fiche58.htm
fiches\fiche59.htm
fiches\fiche60.htm
fiches\fiche61.htm
images\pMedia3752.jpg
images\gMedia3752.jpg
fiches\fiche62.htm
fiches\fiche63.htm
fiches\fiche64.htm
fiches\fiche65.htm
fiches\fiche66.htm
images\pMedia3746.jpg
images\gMedia3746.jpg
images\pMedia3985.jpg
images\gMedia3985.jpg
fiches\fiche67.htm
fiches\fiche68.htm
fiches\fiche69.htm
fiches\fiche70.htm
fiches\fiche71.htm
fiches\fiche72.htm
fiches\fiche73.htm
fiches\fiche74.htm
fiches\fiche75.htm
fiches\fiche76.htm
fiches\fiche77.htm
fiches\fiche78.htm
fiches\fiche79.htm
fiches\fiche80.htm
fiches\fiche81.htm
fiches\fiche82.htm
fiches\fiche83.htm
fiches\fiche84.htm
fiches\fiche85.htm
fiches\fiche86.htm
fiches\fiche87.htm
fiches\fiche88.htm
fiches\fiche89.htm
fiches\fiche90.htm
fiches\fiche91.htm
fiches\fiche92.htm
fiches\fiche93.htm
fiches\fiche94.htm
fiches\fiche95.htm
fiches\fiche96.htm
fiches\fiche97.htm
fiches\fiche98.htm
fiches\fiche99.htm
fiches\fiche100.htm
fiches\fiche101.htm
fiches\fiche102.htm
fiches\fiche103.htm
fiches\fiche104.htm
fiches\fiche105.htm
fiches\fiche106.htm
fiches\fiche107.htm
fiches\fiche108.htm
fiches\fiche109.htm
fiches\fiche110.htm
fiches\fiche111.htm
fiches\fiche112.htm
fiches\fiche113.htm
fiches\fiche114.htm
fiches\fiche115.htm
images\pMedia3748.jpg
images\gMedia3748.jpg
images\pMedia3965.jpg
images\gMedia3965.jpg
images\pMedia3967.jpg
images\gMedia3967.jpg
images\pMedia3969.jpg
images\gMedia3969.jpg
images\pMedia3994.jpg
images\gMedia3994.jpg
images\pMedia4012.jpg
images\gMedia4012.jpg
fiches\fiche116.htm
images\pMedia3760.jpg
images\gMedia3760.jpg
images\pMedia4010.jpg
images\gMedia4010.jpg
images\pMedia3612.jpg
images\gMedia3612.jpg
images\pMedia3754.jpg
images\gMedia3754.jpg
images\pMedia3756.jpg
images\gMedia3756.jpg
images\pMedia3606.jpg
images\gMedia3606.jpg
images\pMedia3608.jpg
images\gMedia3608.jpg
images\pMedia3614.jpg
images\gMedia3614.jpg
images\pMedia3983.jpg
images\gMedia3983.jpg
images\pMedia3610.jpg
images\gMedia3610.jpg
images\pMedia3856.jpg
images\gMedia3856.jpg
images\pMedia3858.jpg
images\gMedia3858.jpg
fiches\fiche117.htm
images\pMedia4020.jpg
images\gMedia4020.jpg
images\pMedia3973.jpg
images\gMedia3973.jpg
images\pMedia3975.jpg
images\gMedia3975.jpg
images\pMedia3977.jpg
images\gMedia3977.jpg
images\pMedia3979.jpg
images\gMedia3979.jpg
images\pMedia4018.jpg
images\gMedia4018.jpg
fiches\fiche118.htm
fiches\fiche119.htm
fiches\fiche120.htm
fiches\fiche121.htm
images\pMedia3750.jpg
images\gMedia3750.jpg
fiches\fiche122.htm
fiches\fiche123.htm
fiches\fiche124.htm
fiches\fiche125.htm
fiches\fiche126.htm
fiches\fiche127.htm
fiches\fiche128.htm
fiches\fiche129.htm
fiches\fiche130.htm
fiches\fiche131.htm
fiches\fiche132.htm
fiches\fiche133.htm
fiches\fiche134.htm
images\pMedia3981.jpg
images\gMedia3981.jpg
fiches\fiche135.htm
fiches\fiche136.htm
fiches\fiche137.htm
fiches\fiche138.htm
fiches\fiche139.htm
fiches\fiche140.htm
fiches\fiche141.htm
fiches\fiche142.htm
fiches\fiche143.htm
fiches\fiche144.htm
images\pMedia3989.jpg
images\gMedia3989.jpg
fiches\fiche145.htm
fiches\fiche146.htm
fiches\fiche147.htm
fiches\fiche148.htm
images\pMedia3992.jpg
images\gMedia3992.jpg
fiches\fiche149.htm
fiches\fiche150.htm
images\pMedia3762.jpg
images\gMedia3762.jpg
images\pMedia3744.jpg
images\gMedia3744.jpg
fiches\fiche151.htm
fiches\fiche152.htm
fiches\fiche153.htm
fiches\fiche154.htm
fiches\fiche155.htm
fiches\fiche156.htm
fiches\fiche157.htm
fiches\fiche158.htm
fiches\fiche159.htm
fiches\fiche160.htm
fiches\fiche161.htm
fiches\fiche162.htm
fiches\fiche163.htm
fiches\fiche164.htm
fiches\fiche165.htm
fiches\fiche166.htm
fiches\fiche167.htm
fiches\fiche168.htm
fiches\fiche169.htm
fiches\fiche170.htm
fiches\fiche171.htm
fiches\fiche172.htm
fiches\fiche173.htm
fiches\fiche174.htm
fiches\fiche175.htm
fiches\fiche176.htm
fiches\fiche177.htm
fiches\fiche178.htm
fiches\fiche179.htm
fiches\fiche180.htm
fiches\fiche181.htm
fiches\fiche182.htm
fiches\fiche183.htm
fiches\fiche184.htm
fiches\fiche185.htm
fiches\fiche186.htm
fiches\fiche187.htm
fiches\fiche188.htm
fiches\fiche189.htm
fiches\fiche190.htm
fiches\fiche191.htm
fiches\fiche192.htm
fiches\fiche193.htm
fiches\fiche194.htm
fiches\fiche195.htm
fiches\fiche196.htm
fiches\fiche197.htm
fiches\fiche198.htm
fiches\fiche199.htm
fiches\fiche200.htm
fiches\fiche201.htm
fiches\fiche202.htm
fiches\fiche203.htm
fiches\fiche204.htm
fiches\fiche205.htm
fiches\fiche206.htm
fiches\fiche207.htm
fiches\fiche208.htm
fiches\fiche209.htm
fiches\fiche210.htm
images\pMedia4016.jpg
images\gMedia4016.jpg
images\pMedia3659.jpg
images\gMedia3659.jpg
images\pMedia3661.jpg
images\gMedia3661.jpg
images\pMedia3663.jpg
images\gMedia3663.jpg
images\pMedia4068.jpg
images\gMedia4068.jpg
fiches\fiche211.htm
fiches\fiche212.htm
fiches\fiche213.htm
fiches\fiche214.htm
fiches\fiche215.htm
fiches\fiche216.htm
fiches\fiche217.htm
fiches\fiche218.htm
fiches\fiche219.htm
fiches\fiche220.htm
fiches\fiche221.htm
fiches\fiche222.htm
fiches\fiche223.htm
fiches\fiche224.htm
fiches\fiche225.htm
fiches\fiche226.htm
fiches\fiche227.htm
fiches\fiche228.htm
fiches\fiche229.htm
fiches\fiche230.htm
fiches\fiche231.htm
fiches\fiche232.htm
fiches\fiche233.htm
fiches\fiche234.htm
fiches\fiche235.htm
fiches\fiche236.htm
fiches\fiche237.htm
fiches\fiche238.htm
fiches\fiche239.htm
fiches\fiche240.htm
fiches\fiche241.htm
fiches\fiche242.htm
fiches\fiche243.htm
fiches\fiche244.htm
fiches\fiche245.htm
fiches\fiche246.htm
fiches\fiche247.htm
fiches\fiche248.htm
fiches\fiche249.htm
fiches\fiche250.htm
fiches\fiche251.htm
fiches\fiche252.htm
fiches\fiche253.htm
fiches\fiche254.htm
fiches\fiche255.htm
fiches\fiche256.htm
individus\patronymes0.htm
individus\ascendance0.htm
individus\ascendance1.htm
individus\ascendance2.htm
individus\ascendance3.htm
individus\ascendance4.htm
individus\ascendance5.htm
individus\ascendance6.htm
individus\ascendance7.htm
individus\ascendance8.htm
individus\ascendance9.htm
individus\ascendance10.htm
individus\listeeclair0.htm
individus\listeeclair1.htm
individus\listeeclair2.htm
individus\listeeclair3.htm
lieux\lieux.htm
lieux\lieux0.htm
lieux\patroparlieux0.htm
lieux\patroparlieux1.htm
etats\etats.htm
etats\listeevenements0.htm
etats\listeevenements1.htm
etats\listeevenements2.htm
etats\listeevenements3.htm
etats\listeevenements4.htm
etats\listeevenements5.htm
etats\listeevenements6.htm
etats\listeevenements7.htm
etats\listeevenements8.htm
etats\listeevenements9.htm
etats\listeevenements10.htm
etats\listeevenements11.htm
etats\listeevenements12.htm
etats\listeevenements13.htm
etats\listeevenements14.htm
etats\listeevenements15.htm
images\pMedia3844.jpg
images\gMedia3844.jpg
images\pMedia3846.jpg
images\gMedia3846.jpg
images\pMedia3617.jpg
images\gMedia3617.jpg
etats\source30.htm
images\pMedia3881.jpg
images\gMedia3881.jpg
etats\source39.htm
images\pMedia3883.jpg
images\gMedia3883.jpg
etats\source40.htm
etats\source9.htm
images\pMedia3914.jpg
images\gMedia3914.jpg
etats\source44.htm
images\pMedia3818.jpg
images\gMedia3818.jpg
etats\source8.htm
images\pMedia3816.jpg
images\gMedia3816.jpg
etats\source7.htm
images\pMedia3848.jpg
images\gMedia3848.jpg
etats\source29.htm
images\pMedia3814.jpg
images\gMedia3814.jpg
etats\source23.htm
images\pMedia3803.jpg
images\gMedia3803.jpg
images\pMedia3805.jpg
images\gMedia3805.jpg
etats\source20.htm
images\pMedia3653.jpg
images\gMedia3653.jpg
etats\source4.htm
images\pMedia3657.jpg
images\gMedia3657.jpg
etats\source49.htm
images\pMedia3667.jpg
images\gMedia3667.jpg
etats\source2.htm
images\pMedia3670.jpg
images\gMedia3670.jpg
etats\source3.htm
images\pMedia3674.jpg
images\gMedia3674.jpg
etats\source13.htm
images\pMedia3681.jpg
images\gMedia3681.jpg
etats\source0.htm
images\pMedia3684.jpg
images\gMedia3684.jpg
etats\source1.htm
images\pMedia3739.jpg
images\gMedia3739.jpg
etats\source6.htm
images\pMedia3765.jpg
images\gMedia3765.jpg
images\pMedia3767.jpg
images\gMedia3767.jpg
images\pMedia3769.jpg
images\gMedia3769.jpg
etats\source18.htm
etats\source15.htm
images\pMedia3776.jpg
images\gMedia3776.jpg
images\pMedia3778.jpg
images\gMedia3778.jpg
etats\source16.htm
images\pMedia3790.jpg
images\gMedia3790.jpg
etats\source11.htm
etats\source12.htm
images\pMedia3797.jpg
images\gMedia3797.jpg
etats\source5.htm
images\pMedia3801.jpg
images\gMedia3801.jpg
etats\source19.htm
images\pMedia3811.jpg
images\gMedia3811.jpg
etats\source22.htm
images\pMedia3821.jpg
images\gMedia3821.jpg
etats\source26.htm
images\pMedia3825.jpg
images\gMedia3825.jpg
etats\source25.htm
images\pMedia3830.jpg
images\gMedia3830.jpg
etats\source27.htm
images\pMedia3835.jpg
images\gMedia3835.jpg
etats\source32.htm
images\pMedia3839.jpg
images\gMedia3839.jpg
images\pMedia3841.jpg
images\gMedia3841.jpg
etats\source24.htm
etats\source31.htm
images\pMedia3862.jpg
images\gMedia3862.jpg
etats\source34.htm
images\pMedia3870.jpg
images\gMedia3870.jpg
etats\source36.htm
images\pMedia3874.jpg
images\gMedia3874.jpg
etats\source37.htm
images\pMedia3878.jpg
images\gMedia3878.jpg
etats\source38.htm
images\pMedia3889.jpg
images\gMedia3889.jpg
images\pMedia3891.jpg
images\gMedia3891.jpg
etats\source28.htm
images\pMedia3895.jpg
images\gMedia3895.jpg
etats\source41.htm
images\pMedia3899.jpg
images\gMedia3899.jpg
etats\source33.htm
images\pMedia3904.jpg
images\gMedia3904.jpg
etats\source35.htm
images\pMedia3908.jpg
images\gMedia3908.jpg
etats\source43.htm
images\pMedia3917.jpg
images\gMedia3917.jpg
etats\source45.htm
images\pMedia3922.jpg
images\gMedia3922.jpg
etats\source46.htm
images\pMedia3926.jpg
images\gMedia3926.jpg
etats\source47.htm
images\pMedia3935.jpg
images\gMedia3935.jpg
etats\source10.htm
images\pMedia3939.jpg
images\gMedia3939.jpg
etats\source48.htm
images\pMedia3943.jpg
images\gMedia3943.jpg
etats\source21.htm
images\pMedia3947.jpg
images\gMedia3947.jpg
etats\source50.htm
images\pMedia3952.jpg
images\gMedia3952.jpg
etats\source51.htm
images\pMedia4036.jpg
images\gMedia4036.jpg
etats\source14.htm
images\pMedia4046.jpg
images\gMedia4046.jpg
images\pMedia4048.jpg
images\gMedia4048.jpg
etats\source17.htm
images\pMedia4064.jpg
images\gMedia4064.jpg
etats\source42.htm
etats\listesources0.htm
etats\listemedias0.htm
etats\listemedias1.htm
etats\listemedias2.htm
etats\listemedias3.htm
etats\listemedias4.htm
etats\listemedias5.htm
etats\actesarechercher0.htm
etats\actesarechercher1.htm
etats\stats.htm
menu\menu.js
images\h.gif
images\f.gif
images\i.gif
images\h_s.gif
images\f_s.gif
images\i_s.gif
images\heredis.jpg
images\pg.jpg
images\iconLeft.gif
images\iconTop.gif
images\iconRight.gif
images\branche.gif
images\branche1.gif
images\fond.jpg
menu\coolmenus.js
menu\css.css
heredis\gedcom_al.GED
heredis\accueil.htm
dswmedia\arbre3D0.h3d
dswmedia\arbre3D0.htm
dswmedia\arbre3D.htm
dswmedia\arbre3d.dcr
